{"C:\\Users\\guill\\Desktop\\testromain\\js\\ui.js": {"path":"C:\\Users\\guill\\Desktop\\testromain\\js\\ui.js","statementMap":{"0":{"start":{"line":4,"column":8},"end":{"line":16,"column":10}},"1":{"start":{"line":19,"column":8},"end":{"line":26,"column":10}},"2":{"start":{"line":29,"column":8},"end":{"line":36,"column":10}},"3":{"start":{"line":40,"column":8},"end":{"line":40,"column":35}},"4":{"start":{"line":41,"column":8},"end":{"line":41,"column":34}},"5":{"start":{"line":42,"column":8},"end":{"line":42,"column":32}},"6":{"start":{"line":43,"column":8},"end":{"line":43,"column":30}},"7":{"start":{"line":47,"column":8},"end":{"line":47,"column":97}},"8":{"start":{"line":47,"column":70},"end":{"line":47,"column":95}},"9":{"start":{"line":48,"column":8},"end":{"line":48,"column":91}},"10":{"start":{"line":48,"column":65},"end":{"line":48,"column":89}},"11":{"start":{"line":49,"column":8},"end":{"line":49,"column":92}},"12":{"start":{"line":49,"column":69},"end":{"line":49,"column":90}},"13":{"start":{"line":50,"column":8},"end":{"line":53,"column":11}},"14":{"start":{"line":51,"column":12},"end":{"line":51,"column":46}},"15":{"start":{"line":52,"column":12},"end":{"line":52,"column":36}},"16":{"start":{"line":54,"column":8},"end":{"line":57,"column":11}},"17":{"start":{"line":55,"column":12},"end":{"line":55,"column":42}},"18":{"start":{"line":56,"column":12},"end":{"line":56,"column":34}},"19":{"start":{"line":61,"column":21},"end":{"line":61,"column":55}},"20":{"start":{"line":62,"column":26},"end":{"line":62,"column":47}},"21":{"start":{"line":64,"column":8},"end":{"line":67,"column":9}},"22":{"start":{"line":65,"column":12},"end":{"line":65,"column":75}},"23":{"start":{"line":66,"column":12},"end":{"line":66,"column":19}},"24":{"start":{"line":69,"column":8},"end":{"line":69,"column":46}},"25":{"start":{"line":70,"column":8},"end":{"line":70,"column":44}},"26":{"start":{"line":72,"column":24},"end":{"line":72,"column":50}},"27":{"start":{"line":73,"column":8},"end":{"line":76,"column":11}},"28":{"start":{"line":74,"column":12},"end":{"line":74,"column":79}},"29":{"start":{"line":75,"column":12},"end":{"line":75,"column":77}},"30":{"start":{"line":78,"column":8},"end":{"line":80,"column":9}},"31":{"start":{"line":79,"column":12},"end":{"line":79,"column":51}},"32":{"start":{"line":84,"column":8},"end":{"line":118,"column":9}},"33":{"start":{"line":85,"column":77},"end":{"line":85,"column":90}},"34":{"start":{"line":86,"column":25},"end":{"line":86,"column":45}},"35":{"start":{"line":87,"column":25},"end":{"line":87,"column":39}},"36":{"start":{"line":88,"column":23},"end":{"line":88,"column":35}},"37":{"start":{"line":89,"column":26},"end":{"line":89,"column":53}},"38":{"start":{"line":91,"column":12},"end":{"line":94,"column":13}},"39":{"start":{"line":92,"column":16},"end":{"line":92,"column":69}},"40":{"start":{"line":93,"column":16},"end":{"line":93,"column":23}},"41":{"start":{"line":96,"column":30},"end":{"line":96,"column":51}},"42":{"start":{"line":97,"column":27},"end":{"line":99,"column":52}},"43":{"start":{"line":101,"column":12},"end":{"line":101,"column":35}},"44":{"start":{"line":103,"column":35},"end":{"line":110,"column":13}},"45":{"start":{"line":112,"column":12},"end":{"line":112,"column":56}},"46":{"start":{"line":113,"column":12},"end":{"line":113,"column":34}},"47":{"start":{"line":116,"column":12},"end":{"line":116,"column":66}},"48":{"start":{"line":117,"column":12},"end":{"line":117,"column":60}},"49":{"start":{"line":122,"column":8},"end":{"line":139,"column":9}},"50":{"start":{"line":123,"column":57},"end":{"line":123,"column":70}},"51":{"start":{"line":124,"column":25},"end":{"line":124,"column":45}},"52":{"start":{"line":125,"column":25},"end":{"line":125,"column":39}},"53":{"start":{"line":126,"column":23},"end":{"line":126,"column":35}},"54":{"start":{"line":128,"column":12},"end":{"line":131,"column":13}},"55":{"start":{"line":129,"column":16},"end":{"line":129,"column":72}},"56":{"start":{"line":130,"column":16},"end":{"line":130,"column":23}},"57":{"start":{"line":133,"column":12},"end":{"line":133,"column":79}},"58":{"start":{"line":134,"column":12},"end":{"line":134,"column":36}},"59":{"start":{"line":137,"column":12},"end":{"line":137,"column":73}},"60":{"start":{"line":138,"column":12},"end":{"line":138,"column":46}},"61":{"start":{"line":143,"column":26},"end":{"line":143,"column":57}},"62":{"start":{"line":144,"column":26},"end":{"line":144,"column":53}},"63":{"start":{"line":145,"column":8},"end":{"line":145,"column":33}},"64":{"start":{"line":147,"column":8},"end":{"line":150,"column":9}},"65":{"start":{"line":148,"column":12},"end":{"line":148,"column":100}},"66":{"start":{"line":149,"column":12},"end":{"line":149,"column":19}},"67":{"start":{"line":152,"column":8},"end":{"line":176,"column":11}},"68":{"start":{"line":153,"column":30},"end":{"line":153,"column":60}},"69":{"start":{"line":154,"column":33},"end":{"line":154,"column":97}},"70":{"start":{"line":154,"column":70},"end":{"line":154,"column":96}},"71":{"start":{"line":155,"column":31},"end":{"line":155,"column":93}},"72":{"start":{"line":155,"column":68},"end":{"line":155,"column":92}},"73":{"start":{"line":157,"column":31},"end":{"line":157,"column":60}},"74":{"start":{"line":158,"column":12},"end":{"line":158,"column":135}},"75":{"start":{"line":159,"column":12},"end":{"line":173,"column":14}},"76":{"start":{"line":175,"column":12},"end":{"line":175,"column":46}},"77":{"start":{"line":178,"column":8},"end":{"line":180,"column":11}},"78":{"start":{"line":179,"column":12},"end":{"line":179,"column":109}},"79":{"start":{"line":179,"column":50},"end":{"line":179,"column":107}},"80":{"start":{"line":182,"column":8},"end":{"line":187,"column":11}},"81":{"start":{"line":183,"column":12},"end":{"line":186,"column":15}},"82":{"start":{"line":184,"column":16},"end":{"line":184,"column":89}},"83":{"start":{"line":185,"column":16},"end":{"line":185,"column":40}},"84":{"start":{"line":191,"column":25},"end":{"line":191,"column":63}},"85":{"start":{"line":192,"column":8},"end":{"line":192,"column":30}},"86":{"start":{"line":192,"column":23},"end":{"line":192,"column":30}},"87":{"start":{"line":194,"column":8},"end":{"line":194,"column":59}},"88":{"start":{"line":195,"column":8},"end":{"line":195,"column":34}},"89":{"start":{"line":197,"column":8},"end":{"line":200,"column":16}},"90":{"start":{"line":198,"column":12},"end":{"line":198,"column":61}},"91":{"start":{"line":199,"column":12},"end":{"line":199,"column":57}},"92":{"start":{"line":204,"column":24},"end":{"line":204,"column":51}},"93":{"start":{"line":205,"column":26},"end":{"line":205,"column":51}},"94":{"start":{"line":206,"column":8},"end":{"line":206,"column":33}},"95":{"start":{"line":208,"column":8},"end":{"line":211,"column":9}},"96":{"start":{"line":209,"column":12},"end":{"line":209,"column":102}},"97":{"start":{"line":210,"column":12},"end":{"line":210,"column":19}},"98":{"start":{"line":213,"column":8},"end":{"line":236,"column":11}},"99":{"start":{"line":214,"column":30},"end":{"line":214,"column":57}},"100":{"start":{"line":215,"column":33},"end":{"line":215,"column":94}},"101":{"start":{"line":215,"column":70},"end":{"line":215,"column":93}},"102":{"start":{"line":216,"column":31},"end":{"line":216,"column":90}},"103":{"start":{"line":216,"column":68},"end":{"line":216,"column":89}},"104":{"start":{"line":218,"column":30},"end":{"line":218,"column":59}},"105":{"start":{"line":219,"column":12},"end":{"line":219,"column":100}},"106":{"start":{"line":221,"column":25},"end":{"line":221,"column":50}},"107":{"start":{"line":222,"column":34},"end":{"line":222,"column":93}},"108":{"start":{"line":224,"column":12},"end":{"line":233,"column":14}},"109":{"start":{"line":235,"column":12},"end":{"line":235,"column":45}},"110":{"start":{"line":241,"column":11},"end":{"line":241,"column":26}},"111":{"start":{"line":242,"column":0},"end":{"line":242,"column":10}},"112":{"start":{"line":245,"column":0},"end":{"line":247,"column":1}},"113":{"start":{"line":246,"column":4},"end":{"line":246,"column":31}}},"fnMap":{"0":{"name":"(anonymous_0)","decl":{"start":{"line":2,"column":4},"end":{"line":2,"column":5}},"loc":{"start":{"line":2,"column":18},"end":{"line":37,"column":5}},"line":2},"1":{"name":"(anonymous_1)","decl":{"start":{"line":39,"column":4},"end":{"line":39,"column":5}},"loc":{"start":{"line":39,"column":11},"end":{"line":44,"column":5}},"line":39},"2":{"name":"(anonymous_2)","decl":{"start":{"line":46,"column":4},"end":{"line":46,"column":5}},"loc":{"start":{"line":46,"column":26},"end":{"line":58,"column":5}},"line":46},"3":{"name":"(anonymous_3)","decl":{"start":{"line":47,"column":64},"end":{"line":47,"column":65}},"loc":{"start":{"line":47,"column":70},"end":{"line":47,"column":95}},"line":47},"4":{"name":"(anonymous_4)","decl":{"start":{"line":48,"column":59},"end":{"line":48,"column":60}},"loc":{"start":{"line":48,"column":65},"end":{"line":48,"column":89}},"line":48},"5":{"name":"(anonymous_5)","decl":{"start":{"line":49,"column":63},"end":{"line":49,"column":64}},"loc":{"start":{"line":49,"column":69},"end":{"line":49,"column":90}},"line":49},"6":{"name":"(anonymous_6)","decl":{"start":{"line":50,"column":66},"end":{"line":50,"column":67}},"loc":{"start":{"line":50,"column":72},"end":{"line":53,"column":9}},"line":50},"7":{"name":"(anonymous_7)","decl":{"start":{"line":54,"column":64},"end":{"line":54,"column":65}},"loc":{"start":{"line":54,"column":70},"end":{"line":57,"column":9}},"line":54},"8":{"name":"(anonymous_8)","decl":{"start":{"line":60,"column":4},"end":{"line":60,"column":5}},"loc":{"start":{"line":60,"column":25},"end":{"line":81,"column":5}},"line":60},"9":{"name":"(anonymous_9)","decl":{"start":{"line":73,"column":24},"end":{"line":73,"column":25}},"loc":{"start":{"line":73,"column":32},"end":{"line":76,"column":9}},"line":73},"10":{"name":"(anonymous_10)","decl":{"start":{"line":83,"column":4},"end":{"line":83,"column":5}},"loc":{"start":{"line":83,"column":30},"end":{"line":119,"column":5}},"line":83},"11":{"name":"(anonymous_11)","decl":{"start":{"line":121,"column":4},"end":{"line":121,"column":5}},"loc":{"start":{"line":121,"column":21},"end":{"line":140,"column":5}},"line":121},"12":{"name":"(anonymous_12)","decl":{"start":{"line":142,"column":4},"end":{"line":142,"column":5}},"loc":{"start":{"line":142,"column":23},"end":{"line":188,"column":5}},"line":142},"13":{"name":"(anonymous_13)","decl":{"start":{"line":152,"column":26},"end":{"line":152,"column":27}},"loc":{"start":{"line":152,"column":47},"end":{"line":176,"column":9}},"line":152},"14":{"name":"(anonymous_14)","decl":{"start":{"line":154,"column":65},"end":{"line":154,"column":66}},"loc":{"start":{"line":154,"column":70},"end":{"line":154,"column":96}},"line":154},"15":{"name":"(anonymous_15)","decl":{"start":{"line":155,"column":63},"end":{"line":155,"column":64}},"loc":{"start":{"line":155,"column":68},"end":{"line":155,"column":92}},"line":155},"16":{"name":"(anonymous_16)","decl":{"start":{"line":178,"column":59},"end":{"line":178,"column":60}},"loc":{"start":{"line":178,"column":69},"end":{"line":180,"column":9}},"line":178},"17":{"name":"(anonymous_17)","decl":{"start":{"line":179,"column":45},"end":{"line":179,"column":46}},"loc":{"start":{"line":179,"column":50},"end":{"line":179,"column":107}},"line":179},"18":{"name":"(anonymous_18)","decl":{"start":{"line":182,"column":62},"end":{"line":182,"column":63}},"loc":{"start":{"line":182,"column":72},"end":{"line":187,"column":9}},"line":182},"19":{"name":"(anonymous_19)","decl":{"start":{"line":183,"column":45},"end":{"line":183,"column":46}},"loc":{"start":{"line":183,"column":50},"end":{"line":186,"column":13}},"line":183},"20":{"name":"(anonymous_20)","decl":{"start":{"line":190,"column":4},"end":{"line":190,"column":5}},"loc":{"start":{"line":190,"column":23},"end":{"line":201,"column":5}},"line":190},"21":{"name":"(anonymous_21)","decl":{"start":{"line":197,"column":19},"end":{"line":197,"column":20}},"loc":{"start":{"line":197,"column":25},"end":{"line":200,"column":9}},"line":197},"22":{"name":"(anonymous_22)","decl":{"start":{"line":203,"column":4},"end":{"line":203,"column":5}},"loc":{"start":{"line":203,"column":21},"end":{"line":237,"column":5}},"line":203},"23":{"name":"(anonymous_23)","decl":{"start":{"line":213,"column":24},"end":{"line":213,"column":25}},"loc":{"start":{"line":213,"column":33},"end":{"line":236,"column":9}},"line":213},"24":{"name":"(anonymous_24)","decl":{"start":{"line":215,"column":65},"end":{"line":215,"column":66}},"loc":{"start":{"line":215,"column":70},"end":{"line":215,"column":93}},"line":215},"25":{"name":"(anonymous_25)","decl":{"start":{"line":216,"column":63},"end":{"line":216,"column":64}},"loc":{"start":{"line":216,"column":68},"end":{"line":216,"column":89}},"line":216}},"branchMap":{"0":{"loc":{"start":{"line":64,"column":8},"end":{"line":67,"column":9}},"type":"if","locations":[{"start":{"line":64,"column":8},"end":{"line":67,"column":9}},{"start":{},"end":{}}],"line":64},"1":{"loc":{"start":{"line":78,"column":8},"end":{"line":80,"column":9}},"type":"if","locations":[{"start":{"line":78,"column":8},"end":{"line":80,"column":9}},{"start":{},"end":{}}],"line":78},"2":{"loc":{"start":{"line":91,"column":12},"end":{"line":94,"column":13}},"type":"if","locations":[{"start":{"line":91,"column":12},"end":{"line":94,"column":13}},{"start":{},"end":{}}],"line":91},"3":{"loc":{"start":{"line":97,"column":27},"end":{"line":99,"column":52}},"type":"cond-expr","locations":[{"start":{"line":98,"column":18},"end":{"line":98,"column":58}},{"start":{"line":99,"column":18},"end":{"line":99,"column":52}}],"line":97},"4":{"loc":{"start":{"line":97,"column":28},"end":{"line":97,"column":68}},"type":"binary-expr","locations":[{"start":{"line":97,"column":28},"end":{"line":97,"column":47}},{"start":{"line":97,"column":51},"end":{"line":97,"column":68}}],"line":97},"5":{"loc":{"start":{"line":128,"column":12},"end":{"line":131,"column":13}},"type":"if","locations":[{"start":{"line":128,"column":12},"end":{"line":131,"column":13}},{"start":{},"end":{}}],"line":128},"6":{"loc":{"start":{"line":128,"column":16},"end":{"line":128,"column":28}},"type":"binary-expr","locations":[{"start":{"line":128,"column":16},"end":{"line":128,"column":21}},{"start":{"line":128,"column":25},"end":{"line":128,"column":28}}],"line":128},"7":{"loc":{"start":{"line":147,"column":8},"end":{"line":150,"column":9}},"type":"if","locations":[{"start":{"line":147,"column":8},"end":{"line":150,"column":9}},{"start":{},"end":{}}],"line":147},"8":{"loc":{"start":{"line":162,"column":22},"end":{"line":162,"column":74}},"type":"cond-expr","locations":[{"start":{"line":162,"column":37},"end":{"line":162,"column":54}},{"start":{"line":162,"column":57},"end":{"line":162,"column":74}}],"line":162},"9":{"loc":{"start":{"line":163,"column":22},"end":{"line":163,"column":68}},"type":"cond-expr","locations":[{"start":{"line":163,"column":35},"end":{"line":163,"column":50}},{"start":{"line":163,"column":53},"end":{"line":163,"column":68}}],"line":163},"10":{"loc":{"start":{"line":192,"column":8},"end":{"line":192,"column":30}},"type":"if","locations":[{"start":{"line":192,"column":8},"end":{"line":192,"column":30}},{"start":{},"end":{}}],"line":192},"11":{"loc":{"start":{"line":208,"column":8},"end":{"line":211,"column":9}},"type":"if","locations":[{"start":{"line":208,"column":8},"end":{"line":211,"column":9}},{"start":{},"end":{}}],"line":208},"12":{"loc":{"start":{"line":230,"column":41},"end":{"line":230,"column":90}},"type":"cond-expr","locations":[{"start":{"line":230,"column":56},"end":{"line":230,"column":73}},{"start":{"line":230,"column":76},"end":{"line":230,"column":90}}],"line":230},"13":{"loc":{"start":{"line":231,"column":39},"end":{"line":231,"column":82}},"type":"cond-expr","locations":[{"start":{"line":231,"column":52},"end":{"line":231,"column":67}},{"start":{"line":231,"column":70},"end":{"line":231,"column":82}}],"line":231},"14":{"loc":{"start":{"line":245,"column":0},"end":{"line":247,"column":1}},"type":"if","locations":[{"start":{"line":245,"column":0},"end":{"line":247,"column":1}},{"start":{},"end":{}}],"line":245},"15":{"loc":{"start":{"line":245,"column":4},"end":{"line":245,"column":51}},"type":"binary-expr","locations":[{"start":{"line":245,"column":4},"end":{"line":245,"column":33}},{"start":{"line":245,"column":37},"end":{"line":245,"column":51}}],"line":245}},"s":{"0":0,"1":0,"2":0,"3":0,"4":0,"5":0,"6":0,"7":0,"8":0,"9":0,"10":0,"11":0,"12":0,"13":0,"14":0,"15":0,"16":0,"17":0,"18":0,"19":0,"20":0,"21":0,"22":0,"23":0,"24":0,"25":0,"26":0,"27":0,"28":0,"29":0,"30":0,"31":0,"32":0,"33":0,"34":0,"35":0,"36":0,"37":0,"38":0,"39":0,"40":0,"41":0,"42":0,"43":0,"44":0,"45":0,"46":0,"47":0,"48":0,"49":0,"50":0,"51":0,"52":0,"53":0,"54":0,"55":0,"56":0,"57":0,"58":0,"59":0,"60":0,"61":0,"62":0,"63":0,"64":0,"65":0,"66":0,"67":0,"68":0,"69":0,"70":0,"71":0,"72":0,"73":0,"74":0,"75":0,"76":0,"77":0,"78":0,"79":0,"80":0,"81":0,"82":0,"83":0,"84":0,"85":0,"86":0,"87":0,"88":0,"89":0,"90":0,"91":0,"92":0,"93":0,"94":0,"95":0,"96":0,"97":0,"98":0,"99":0,"100":0,"101":0,"102":0,"103":0,"104":0,"105":0,"106":0,"107":0,"108":0,"109":0,"110":0,"111":0,"112":0,"113":0},"f":{"0":0,"1":0,"2":0,"3":0,"4":0,"5":0,"6":0,"7":0,"8":0,"9":0,"10":0,"11":0,"12":0,"13":0,"14":0,"15":0,"16":0,"17":0,"18":0,"19":0,"20":0,"21":0,"22":0,"23":0,"24":0,"25":0},"b":{"0":[0,0],"1":[0,0],"2":[0,0],"3":[0,0],"4":[0,0],"5":[0,0],"6":[0,0],"7":[0,0],"8":[0,0],"9":[0,0],"10":[0,0],"11":[0,0],"12":[0,0],"13":[0,0],"14":[0,0],"15":[0,0]}}
,"C:\\Users\\guill\\Desktop\\testromain\\js\\converters\\crypto.js": {"path":"C:\\Users\\guill\\Desktop\\testromain\\js\\converters\\crypto.js","statementMap":{"0":{"start":{"line":2,"column":24},"end":{"line":99,"column":1}},"1":{"start":{"line":19,"column":20},"end":{"line":19,"column":30}},"2":{"start":{"line":20,"column":8},"end":{"line":23,"column":9}},"3":{"start":{"line":22,"column":12},"end":{"line":22,"column":41}},"4":{"start":{"line":25,"column":8},"end":{"line":74,"column":9}},"5":{"start":{"line":26,"column":27},"end":{"line":26,"column":110}},"6":{"start":{"line":27,"column":29},"end":{"line":27,"column":48}},"7":{"start":{"line":29,"column":12},"end":{"line":31,"column":13}},"8":{"start":{"line":30,"column":16},"end":{"line":30,"column":66}},"9":{"start":{"line":33,"column":25},"end":{"line":33,"column":46}},"10":{"start":{"line":34,"column":32},"end":{"line":34,"column":34}},"11":{"start":{"line":36,"column":12},"end":{"line":52,"column":13}},"12":{"start":{"line":37,"column":36},"end":{"line":37,"column":56}},"13":{"start":{"line":38,"column":16},"end":{"line":51,"column":17}},"14":{"start":{"line":39,"column":20},"end":{"line":39,"column":69}},"15":{"start":{"line":41,"column":20},"end":{"line":41,"column":97}},"16":{"start":{"line":42,"column":38},"end":{"line":49,"column":21}},"17":{"start":{"line":50,"column":20},"end":{"line":50,"column":75}},"18":{"start":{"line":54,"column":12},"end":{"line":54,"column":48}},"19":{"start":{"line":55,"column":12},"end":{"line":55,"column":44}},"20":{"start":{"line":57,"column":12},"end":{"line":57,"column":31}},"21":{"start":{"line":59,"column":12},"end":{"line":59,"column":96}},"22":{"start":{"line":61,"column":30},"end":{"line":68,"column":13}},"23":{"start":{"line":70,"column":12},"end":{"line":70,"column":46}},"24":{"start":{"line":71,"column":12},"end":{"line":71,"column":44}},"25":{"start":{"line":73,"column":12},"end":{"line":73,"column":29}},"26":{"start":{"line":78,"column":8},"end":{"line":80,"column":9}},"27":{"start":{"line":79,"column":12},"end":{"line":79,"column":57}},"28":{"start":{"line":82,"column":8},"end":{"line":90,"column":9}},"29":{"start":{"line":83,"column":26},"end":{"line":83,"column":57}},"30":{"start":{"line":84,"column":31},"end":{"line":84,"column":70}},"31":{"start":{"line":85,"column":27},"end":{"line":85,"column":69}},"32":{"start":{"line":86,"column":12},"end":{"line":86,"column":45}},"33":{"start":{"line":88,"column":12},"end":{"line":88,"column":58}},"34":{"start":{"line":89,"column":12},"end":{"line":89,"column":24}},"35":{"start":{"line":94,"column":8},"end":{"line":97,"column":12}},"36":{"start":{"line":94,"column":65},"end":{"line":97,"column":9}},"37":{"start":{"line":101,"column":0},"end":{"line":103,"column":1}},"38":{"start":{"line":102,"column":4},"end":{"line":102,"column":37}}},"fnMap":{"0":{"name":"(anonymous_0)","decl":{"start":{"line":18,"column":4},"end":{"line":18,"column":5}},"loc":{"start":{"line":18,"column":31},"end":{"line":75,"column":5}},"line":18},"1":{"name":"(anonymous_1)","decl":{"start":{"line":77,"column":4},"end":{"line":77,"column":5}},"loc":{"start":{"line":77,"column":47},"end":{"line":91,"column":5}},"line":77},"2":{"name":"(anonymous_2)","decl":{"start":{"line":93,"column":4},"end":{"line":93,"column":5}},"loc":{"start":{"line":93,"column":21},"end":{"line":98,"column":5}},"line":93},"3":{"name":"(anonymous_3)","decl":{"start":{"line":94,"column":46},"end":{"line":94,"column":47}},"loc":{"start":{"line":94,"column":65},"end":{"line":97,"column":9}},"line":94}},"branchMap":{"0":{"loc":{"start":{"line":20,"column":8},"end":{"line":23,"column":9}},"type":"if","locations":[{"start":{"line":20,"column":8},"end":{"line":23,"column":9}},{"start":{},"end":{}}],"line":20},"1":{"loc":{"start":{"line":20,"column":12},"end":{"line":21,"column":78}},"type":"binary-expr","locations":[{"start":{"line":20,"column":12},"end":{"line":20,"column":33}},{"start":{"line":20,"column":37},"end":{"line":20,"column":62}},{"start":{"line":21,"column":13},"end":{"line":21,"column":77}}],"line":20},"2":{"loc":{"start":{"line":29,"column":12},"end":{"line":31,"column":13}},"type":"if","locations":[{"start":{"line":29,"column":12},"end":{"line":31,"column":13}},{"start":{},"end":{}}],"line":29},"3":{"loc":{"start":{"line":38,"column":16},"end":{"line":51,"column":17}},"type":"if","locations":[{"start":{"line":38,"column":16},"end":{"line":51,"column":17}},{"start":{"line":40,"column":23},"end":{"line":51,"column":17}}],"line":38},"4":{"loc":{"start":{"line":38,"column":20},"end":{"line":38,"column":53}},"type":"binary-expr","locations":[{"start":{"line":38,"column":20},"end":{"line":38,"column":28}},{"start":{"line":38,"column":32},"end":{"line":38,"column":53}}],"line":38},"5":{"loc":{"start":{"line":50,"column":47},"end":{"line":50,"column":74}},"type":"binary-expr","locations":[{"start":{"line":50,"column":47},"end":{"line":50,"column":69}},{"start":{"line":50,"column":73},"end":{"line":50,"column":74}}],"line":50},"6":{"loc":{"start":{"line":78,"column":8},"end":{"line":80,"column":9}},"type":"if","locations":[{"start":{"line":78,"column":8},"end":{"line":80,"column":9}},{"start":{},"end":{}}],"line":78},"7":{"loc":{"start":{"line":78,"column":12},"end":{"line":78,"column":60}},"type":"binary-expr","locations":[{"start":{"line":78,"column":12},"end":{"line":78,"column":35}},{"start":{"line":78,"column":39},"end":{"line":78,"column":60}}],"line":78},"8":{"loc":{"start":{"line":101,"column":0},"end":{"line":103,"column":1}},"type":"if","locations":[{"start":{"line":101,"column":0},"end":{"line":103,"column":1}},{"start":{},"end":{}}],"line":101},"9":{"loc":{"start":{"line":101,"column":4},"end":{"line":101,"column":51}},"type":"binary-expr","locations":[{"start":{"line":101,"column":4},"end":{"line":101,"column":33}},{"start":{"line":101,"column":37},"end":{"line":101,"column":51}}],"line":101}},"s":{"0":1,"1":3,"2":3,"3":1,"4":2,"5":2,"6":2,"7":1,"8":0,"9":1,"10":1,"11":1,"12":6,"13":6,"14":6,"15":0,"16":0,"17":0,"18":1,"19":1,"20":1,"21":1,"22":1,"23":1,"24":1,"25":1,"26":6,"27":2,"28":4,"29":4,"30":4,"31":4,"32":4,"33":0,"34":0,"35":1,"36":6,"37":1,"38":1},"f":{"0":3,"1":6,"2":1,"3":6},"b":{"0":[1,2],"1":[3,1,1],"2":[0,1],"3":[6,0],"4":[6,6],"5":[0,0],"6":[2,4],"7":[6,5],"8":[1,0],"9":[1,1]},"_coverageSchema":"1a1c01bbd47fc00a2c39e90264f33305004495a9","hash":"772a53e2e7a2c5cfc19ee23c5ec1db65688e2161"}
,"C:\\Users\\guill\\Desktop\\testromain\\js\\converters\\currency.js": {"path":"C:\\Users\\guill\\Desktop\\testromain\\js\\converters\\currency.js","statementMap":{"0":{"start":{"line":1,"column":26},"end":{"line":86,"column":1}},"1":{"start":{"line":19,"column":20},"end":{"line":19,"column":30}},"2":{"start":{"line":21,"column":8},"end":{"line":24,"column":9}},"3":{"start":{"line":23,"column":12},"end":{"line":23,"column":41}},"4":{"start":{"line":26,"column":8},"end":{"line":43,"column":9}},"5":{"start":{"line":27,"column":27},"end":{"line":27,"column":113}},"6":{"start":{"line":28,"column":29},"end":{"line":28,"column":48}},"7":{"start":{"line":30,"column":12},"end":{"line":32,"column":13}},"8":{"start":{"line":31,"column":16},"end":{"line":31,"column":66}},"9":{"start":{"line":34,"column":25},"end":{"line":34,"column":46}},"10":{"start":{"line":36,"column":12},"end":{"line":36,"column":45}},"11":{"start":{"line":37,"column":12},"end":{"line":37,"column":44}},"12":{"start":{"line":39,"column":12},"end":{"line":39,"column":28}},"13":{"start":{"line":41,"column":12},"end":{"line":41,"column":87}},"14":{"start":{"line":42,"column":12},"end":{"line":42,"column":24}},"15":{"start":{"line":47,"column":8},"end":{"line":49,"column":9}},"16":{"start":{"line":48,"column":12},"end":{"line":48,"column":50}},"17":{"start":{"line":51,"column":8},"end":{"line":53,"column":9}},"18":{"start":{"line":52,"column":12},"end":{"line":52,"column":25}},"19":{"start":{"line":55,"column":8},"end":{"line":77,"column":9}},"20":{"start":{"line":56,"column":26},"end":{"line":56,"column":57}},"21":{"start":{"line":60,"column":12},"end":{"line":64,"column":13}},"22":{"start":{"line":61,"column":16},"end":{"line":61,"column":35}},"23":{"start":{"line":63,"column":16},"end":{"line":63,"column":71}},"24":{"start":{"line":67,"column":12},"end":{"line":71,"column":13}},"25":{"start":{"line":68,"column":16},"end":{"line":68,"column":36}},"26":{"start":{"line":70,"column":16},"end":{"line":70,"column":70}},"27":{"start":{"line":73,"column":12},"end":{"line":73,"column":45}},"28":{"start":{"line":75,"column":12},"end":{"line":75,"column":58}},"29":{"start":{"line":76,"column":12},"end":{"line":76,"column":24}},"30":{"start":{"line":81,"column":8},"end":{"line":84,"column":12}},"31":{"start":{"line":81,"column":65},"end":{"line":84,"column":9}},"32":{"start":{"line":88,"column":0},"end":{"line":90,"column":1}},"33":{"start":{"line":89,"column":4},"end":{"line":89,"column":39}}},"fnMap":{"0":{"name":"(anonymous_0)","decl":{"start":{"line":18,"column":4},"end":{"line":18,"column":5}},"loc":{"start":{"line":18,"column":31},"end":{"line":44,"column":5}},"line":18},"1":{"name":"(anonymous_1)","decl":{"start":{"line":46,"column":4},"end":{"line":46,"column":5}},"loc":{"start":{"line":46,"column":51},"end":{"line":78,"column":5}},"line":46},"2":{"name":"(anonymous_2)","decl":{"start":{"line":80,"column":4},"end":{"line":80,"column":5}},"loc":{"start":{"line":80,"column":21},"end":{"line":85,"column":5}},"line":80},"3":{"name":"(anonymous_3)","decl":{"start":{"line":81,"column":46},"end":{"line":81,"column":47}},"loc":{"start":{"line":81,"column":65},"end":{"line":84,"column":9}},"line":81}},"branchMap":{"0":{"loc":{"start":{"line":21,"column":8},"end":{"line":24,"column":9}},"type":"if","locations":[{"start":{"line":21,"column":8},"end":{"line":24,"column":9}},{"start":{},"end":{}}],"line":21},"1":{"loc":{"start":{"line":21,"column":12},"end":{"line":22,"column":78}},"type":"binary-expr","locations":[{"start":{"line":21,"column":12},"end":{"line":21,"column":33}},{"start":{"line":21,"column":37},"end":{"line":21,"column":62}},{"start":{"line":22,"column":13},"end":{"line":22,"column":77}}],"line":21},"2":{"loc":{"start":{"line":30,"column":12},"end":{"line":32,"column":13}},"type":"if","locations":[{"start":{"line":30,"column":12},"end":{"line":32,"column":13}},{"start":{},"end":{}}],"line":30},"3":{"loc":{"start":{"line":47,"column":8},"end":{"line":49,"column":9}},"type":"if","locations":[{"start":{"line":47,"column":8},"end":{"line":49,"column":9}},{"start":{},"end":{}}],"line":47},"4":{"loc":{"start":{"line":47,"column":12},"end":{"line":47,"column":64}},"type":"binary-expr","locations":[{"start":{"line":47,"column":12},"end":{"line":47,"column":37}},{"start":{"line":47,"column":41},"end":{"line":47,"column":64}}],"line":47},"5":{"loc":{"start":{"line":51,"column":8},"end":{"line":53,"column":9}},"type":"if","locations":[{"start":{"line":51,"column":8},"end":{"line":53,"column":9}},{"start":{},"end":{}}],"line":51},"6":{"loc":{"start":{"line":60,"column":12},"end":{"line":64,"column":13}},"type":"if","locations":[{"start":{"line":60,"column":12},"end":{"line":64,"column":13}},{"start":{"line":62,"column":19},"end":{"line":64,"column":13}}],"line":60},"7":{"loc":{"start":{"line":67,"column":12},"end":{"line":71,"column":13}},"type":"if","locations":[{"start":{"line":67,"column":12},"end":{"line":71,"column":13}},{"start":{"line":69,"column":19},"end":{"line":71,"column":13}}],"line":67},"8":{"loc":{"start":{"line":88,"column":0},"end":{"line":90,"column":1}},"type":"if","locations":[{"start":{"line":88,"column":0},"end":{"line":90,"column":1}},{"start":{},"end":{}}],"line":88},"9":{"loc":{"start":{"line":88,"column":4},"end":{"line":88,"column":51}},"type":"binary-expr","locations":[{"start":{"line":88,"column":4},"end":{"line":88,"column":33}},{"start":{"line":88,"column":37},"end":{"line":88,"column":51}}],"line":88}},"s":{"0":1,"1":3,"2":3,"3":1,"4":2,"5":2,"6":2,"7":1,"8":0,"9":1,"10":1,"11":1,"12":1,"13":1,"14":1,"15":7,"16":2,"17":5,"18":1,"19":4,"20":4,"21":4,"22":2,"23":2,"24":4,"25":1,"26":3,"27":4,"28":0,"29":0,"30":1,"31":7,"32":1,"33":1},"f":{"0":3,"1":7,"2":1,"3":7},"b":{"0":[1,2],"1":[3,1,1],"2":[0,1],"3":[2,5],"4":[7,6],"5":[1,4],"6":[2,2],"7":[1,3],"8":[1,0],"9":[1,1]},"_coverageSchema":"1a1c01bbd47fc00a2c39e90264f33305004495a9","hash":"7e1217d1a309b02ec8c8f84939240f594527f30f"}
,"C:\\Users\\guill\\Desktop\\testromain\\js\\converters\\length.js": {"path":"C:\\Users\\guill\\Desktop\\testromain\\js\\converters\\length.js","statementMap":{"0":{"start":{"line":1,"column":24},"end":{"line":59,"column":1}},"1":{"start":{"line":6,"column":31},"end":{"line":6,"column":36}},"2":{"start":{"line":7,"column":33},"end":{"line":7,"column":38}},"3":{"start":{"line":11,"column":31},"end":{"line":11,"column":43}},"4":{"start":{"line":12,"column":33},"end":{"line":12,"column":45}},"5":{"start":{"line":16,"column":31},"end":{"line":16,"column":45}},"6":{"start":{"line":17,"column":33},"end":{"line":17,"column":47}},"7":{"start":{"line":21,"column":31},"end":{"line":21,"column":45}},"8":{"start":{"line":22,"column":33},"end":{"line":22,"column":47}},"9":{"start":{"line":26,"column":31},"end":{"line":26,"column":45}},"10":{"start":{"line":27,"column":33},"end":{"line":27,"column":47}},"11":{"start":{"line":31,"column":31},"end":{"line":31,"column":47}},"12":{"start":{"line":32,"column":33},"end":{"line":32,"column":49}},"13":{"start":{"line":37,"column":8},"end":{"line":39,"column":9}},"14":{"start":{"line":38,"column":12},"end":{"line":38,"column":94}},"15":{"start":{"line":41,"column":8},"end":{"line":43,"column":9}},"16":{"start":{"line":42,"column":12},"end":{"line":42,"column":25}},"17":{"start":{"line":45,"column":8},"end":{"line":47,"column":9}},"18":{"start":{"line":46,"column":12},"end":{"line":46,"column":30}},"19":{"start":{"line":49,"column":28},"end":{"line":49,"column":62}},"20":{"start":{"line":50,"column":8},"end":{"line":50,"column":56}},"21":{"start":{"line":54,"column":8},"end":{"line":57,"column":12}},"22":{"start":{"line":54,"column":50},"end":{"line":57,"column":9}},"23":{"start":{"line":61,"column":0},"end":{"line":61,"column":33}}},"fnMap":{"0":{"name":"(anonymous_0)","decl":{"start":{"line":6,"column":20},"end":{"line":6,"column":21}},"loc":{"start":{"line":6,"column":31},"end":{"line":6,"column":36}},"line":6},"1":{"name":"(anonymous_1)","decl":{"start":{"line":7,"column":22},"end":{"line":7,"column":23}},"loc":{"start":{"line":7,"column":33},"end":{"line":7,"column":38}},"line":7},"2":{"name":"(anonymous_2)","decl":{"start":{"line":11,"column":20},"end":{"line":11,"column":21}},"loc":{"start":{"line":11,"column":31},"end":{"line":11,"column":43}},"line":11},"3":{"name":"(anonymous_3)","decl":{"start":{"line":12,"column":22},"end":{"line":12,"column":23}},"loc":{"start":{"line":12,"column":33},"end":{"line":12,"column":45}},"line":12},"4":{"name":"(anonymous_4)","decl":{"start":{"line":16,"column":20},"end":{"line":16,"column":21}},"loc":{"start":{"line":16,"column":31},"end":{"line":16,"column":45}},"line":16},"5":{"name":"(anonymous_5)","decl":{"start":{"line":17,"column":22},"end":{"line":17,"column":23}},"loc":{"start":{"line":17,"column":33},"end":{"line":17,"column":47}},"line":17},"6":{"name":"(anonymous_6)","decl":{"start":{"line":21,"column":20},"end":{"line":21,"column":21}},"loc":{"start":{"line":21,"column":31},"end":{"line":21,"column":45}},"line":21},"7":{"name":"(anonymous_7)","decl":{"start":{"line":22,"column":22},"end":{"line":22,"column":23}},"loc":{"start":{"line":22,"column":33},"end":{"line":22,"column":47}},"line":22},"8":{"name":"(anonymous_8)","decl":{"start":{"line":26,"column":20},"end":{"line":26,"column":21}},"loc":{"start":{"line":26,"column":31},"end":{"line":26,"column":45}},"line":26},"9":{"name":"(anonymous_9)","decl":{"start":{"line":27,"column":22},"end":{"line":27,"column":23}},"loc":{"start":{"line":27,"column":33},"end":{"line":27,"column":47}},"line":27},"10":{"name":"(anonymous_10)","decl":{"start":{"line":31,"column":20},"end":{"line":31,"column":21}},"loc":{"start":{"line":31,"column":31},"end":{"line":31,"column":47}},"line":31},"11":{"name":"(anonymous_11)","decl":{"start":{"line":32,"column":22},"end":{"line":32,"column":23}},"loc":{"start":{"line":32,"column":33},"end":{"line":32,"column":49}},"line":32},"12":{"name":"(anonymous_12)","decl":{"start":{"line":36,"column":4},"end":{"line":36,"column":5}},"loc":{"start":{"line":36,"column":37},"end":{"line":51,"column":5}},"line":36},"13":{"name":"(anonymous_13)","decl":{"start":{"line":53,"column":4},"end":{"line":53,"column":5}},"loc":{"start":{"line":53,"column":21},"end":{"line":58,"column":5}},"line":53},"14":{"name":"(anonymous_14)","decl":{"start":{"line":54,"column":43},"end":{"line":54,"column":44}},"loc":{"start":{"line":54,"column":50},"end":{"line":57,"column":9}},"line":54}},"branchMap":{"0":{"loc":{"start":{"line":37,"column":8},"end":{"line":39,"column":9}},"type":"if","locations":[{"start":{"line":37,"column":8},"end":{"line":39,"column":9}},{"start":{},"end":{}}],"line":37},"1":{"loc":{"start":{"line":37,"column":12},"end":{"line":37,"column":56}},"type":"binary-expr","locations":[{"start":{"line":37,"column":12},"end":{"line":37,"column":33}},{"start":{"line":37,"column":37},"end":{"line":37,"column":56}}],"line":37},"2":{"loc":{"start":{"line":38,"column":49},"end":{"line":38,"column":90}},"type":"cond-expr","locations":[{"start":{"line":38,"column":73},"end":{"line":38,"column":81}},{"start":{"line":38,"column":84},"end":{"line":38,"column":90}}],"line":38},"3":{"loc":{"start":{"line":41,"column":8},"end":{"line":43,"column":9}},"type":"if","locations":[{"start":{"line":41,"column":8},"end":{"line":43,"column":9}},{"start":{},"end":{}}],"line":41},"4":{"loc":{"start":{"line":45,"column":8},"end":{"line":47,"column":9}},"type":"if","locations":[{"start":{"line":45,"column":8},"end":{"line":47,"column":9}},{"start":{},"end":{}}],"line":45},"5":{"loc":{"start":{"line":45,"column":12},"end":{"line":45,"column":52}},"type":"binary-expr","locations":[{"start":{"line":45,"column":12},"end":{"line":45,"column":31}},{"start":{"line":45,"column":35},"end":{"line":45,"column":52}}],"line":45}},"s":{"0":1,"1":7,"2":2,"3":1,"4":3,"5":1,"6":2,"7":0,"8":1,"9":0,"10":1,"11":1,"12":1,"13":15,"14":2,"15":13,"16":2,"17":11,"18":1,"19":10,"20":10,"21":1,"22":6,"23":1},"f":{"0":7,"1":2,"2":1,"3":3,"4":1,"5":2,"6":0,"7":1,"8":0,"9":1,"10":1,"11":1,"12":15,"13":1,"14":6},"b":{"0":[2,13],"1":[15,14],"2":[1,1],"3":[2,11],"4":[1,10],"5":[11,2]},"_coverageSchema":"1a1c01bbd47fc00a2c39e90264f33305004495a9","hash":"7b7cb711b9c2cdbaa57d2778c7c92e9f227ceae6"}
,"C:\\Users\\guill\\Desktop\\testromain\\js\\converters\\temperature.js": {"path":"C:\\Users\\guill\\Desktop\\testromain\\js\\converters\\temperature.js","statementMap":{"0":{"start":{"line":1,"column":29},"end":{"line":50,"column":1}},"1":{"start":{"line":9,"column":8},"end":{"line":11,"column":9}},"2":{"start":{"line":10,"column":12},"end":{"line":10,"column":63}},"3":{"start":{"line":17,"column":8},"end":{"line":27,"column":9}},"4":{"start":{"line":19,"column":16},"end":{"line":19,"column":38}},"5":{"start":{"line":20,"column":16},"end":{"line":20,"column":22}},"6":{"start":{"line":22,"column":16},"end":{"line":22,"column":55}},"7":{"start":{"line":23,"column":16},"end":{"line":23,"column":22}},"8":{"start":{"line":25,"column":16},"end":{"line":25,"column":47}},"9":{"start":{"line":26,"column":16},"end":{"line":26,"column":22}},"10":{"start":{"line":29,"column":8},"end":{"line":39,"column":9}},"11":{"start":{"line":31,"column":16},"end":{"line":31,"column":39}},"12":{"start":{"line":32,"column":16},"end":{"line":32,"column":22}},"13":{"start":{"line":34,"column":16},"end":{"line":34,"column":56}},"14":{"start":{"line":35,"column":16},"end":{"line":35,"column":22}},"15":{"start":{"line":37,"column":16},"end":{"line":37,"column":48}},"16":{"start":{"line":38,"column":16},"end":{"line":38,"column":22}},"17":{"start":{"line":41,"column":8},"end":{"line":41,"column":41}},"18":{"start":{"line":45,"column":8},"end":{"line":48,"column":12}},"19":{"start":{"line":45,"column":65},"end":{"line":48,"column":9}},"20":{"start":{"line":52,"column":0},"end":{"line":54,"column":1}},"21":{"start":{"line":53,"column":4},"end":{"line":53,"column":42}}},"fnMap":{"0":{"name":"(anonymous_0)","decl":{"start":{"line":8,"column":4},"end":{"line":8,"column":5}},"loc":{"start":{"line":8,"column":37},"end":{"line":42,"column":5}},"line":8},"1":{"name":"(anonymous_1)","decl":{"start":{"line":44,"column":4},"end":{"line":44,"column":5}},"loc":{"start":{"line":44,"column":21},"end":{"line":49,"column":5}},"line":44},"2":{"name":"(anonymous_2)","decl":{"start":{"line":45,"column":46},"end":{"line":45,"column":47}},"loc":{"start":{"line":45,"column":65},"end":{"line":48,"column":9}},"line":45}},"branchMap":{"0":{"loc":{"start":{"line":9,"column":8},"end":{"line":11,"column":9}},"type":"if","locations":[{"start":{"line":9,"column":8},"end":{"line":11,"column":9}},{"start":{},"end":{}}],"line":9},"1":{"loc":{"start":{"line":9,"column":12},"end":{"line":9,"column":56}},"type":"binary-expr","locations":[{"start":{"line":9,"column":12},"end":{"line":9,"column":33}},{"start":{"line":9,"column":37},"end":{"line":9,"column":56}}],"line":9},"2":{"loc":{"start":{"line":17,"column":8},"end":{"line":27,"column":9}},"type":"switch","locations":[{"start":{"line":18,"column":12},"end":{"line":20,"column":22}},{"start":{"line":21,"column":12},"end":{"line":23,"column":22}},{"start":{"line":24,"column":12},"end":{"line":26,"column":22}}],"line":17},"3":{"loc":{"start":{"line":29,"column":8},"end":{"line":39,"column":9}},"type":"switch","locations":[{"start":{"line":30,"column":12},"end":{"line":32,"column":22}},{"start":{"line":33,"column":12},"end":{"line":35,"column":22}},{"start":{"line":36,"column":12},"end":{"line":38,"column":22}}],"line":29},"4":{"loc":{"start":{"line":52,"column":0},"end":{"line":54,"column":1}},"type":"if","locations":[{"start":{"line":52,"column":0},"end":{"line":54,"column":1}},{"start":{},"end":{}}],"line":52},"5":{"loc":{"start":{"line":52,"column":4},"end":{"line":52,"column":51}},"type":"binary-expr","locations":[{"start":{"line":52,"column":4},"end":{"line":52,"column":33}},{"start":{"line":52,"column":37},"end":{"line":52,"column":51}}],"line":52}},"s":{"0":1,"1":21,"2":2,"3":19,"4":7,"5":7,"6":6,"7":6,"8":6,"9":6,"10":19,"11":7,"12":7,"13":6,"14":6,"15":6,"16":6,"17":19,"18":1,"19":3,"20":1,"21":1},"f":{"0":21,"1":1,"2":3},"b":{"0":[2,19],"1":[21,20],"2":[7,6,6],"3":[7,6,6],"4":[1,0],"5":[1,1]},"_coverageSchema":"1a1c01bbd47fc00a2c39e90264f33305004495a9","hash":"953da5bd2d84f90701906a67aaa8b3a51f24adcf"}
,"C:\\Users\\guill\\Desktop\\testromain\\js\\converters\\volume.js": {"path":"C:\\Users\\guill\\Desktop\\testromain\\js\\converters\\volume.js","statementMap":{"0":{"start":{"line":1,"column":24},"end":{"line":30,"column":1}},"1":{"start":{"line":13,"column":8},"end":{"line":15,"column":9}},"2":{"start":{"line":14,"column":12},"end":{"line":14,"column":58}},"3":{"start":{"line":17,"column":30},"end":{"line":17,"column":70}},"4":{"start":{"line":19,"column":23},"end":{"line":19,"column":69}},"5":{"start":{"line":21,"column":8},"end":{"line":21,"column":41}},"6":{"start":{"line":25,"column":8},"end":{"line":28,"column":12}},"7":{"start":{"line":25,"column":65},"end":{"line":28,"column":9}},"8":{"start":{"line":32,"column":0},"end":{"line":34,"column":1}},"9":{"start":{"line":33,"column":4},"end":{"line":33,"column":37}}},"fnMap":{"0":{"name":"(anonymous_0)","decl":{"start":{"line":12,"column":4},"end":{"line":12,"column":5}},"loc":{"start":{"line":12,"column":37},"end":{"line":22,"column":5}},"line":12},"1":{"name":"(anonymous_1)","decl":{"start":{"line":24,"column":4},"end":{"line":24,"column":5}},"loc":{"start":{"line":24,"column":21},"end":{"line":29,"column":5}},"line":24},"2":{"name":"(anonymous_2)","decl":{"start":{"line":25,"column":46},"end":{"line":25,"column":47}},"loc":{"start":{"line":25,"column":65},"end":{"line":28,"column":9}},"line":25}},"branchMap":{"0":{"loc":{"start":{"line":13,"column":8},"end":{"line":15,"column":9}},"type":"if","locations":[{"start":{"line":13,"column":8},"end":{"line":15,"column":9}},{"start":{},"end":{}}],"line":13},"1":{"loc":{"start":{"line":13,"column":12},"end":{"line":13,"column":80}},"type":"binary-expr","locations":[{"start":{"line":13,"column":12},"end":{"line":13,"column":45}},{"start":{"line":13,"column":49},"end":{"line":13,"column":80}}],"line":13},"2":{"loc":{"start":{"line":32,"column":0},"end":{"line":34,"column":1}},"type":"if","locations":[{"start":{"line":32,"column":0},"end":{"line":34,"column":1}},{"start":{},"end":{}}],"line":32},"3":{"loc":{"start":{"line":32,"column":4},"end":{"line":32,"column":51}},"type":"binary-expr","locations":[{"start":{"line":32,"column":4},"end":{"line":32,"column":33}},{"start":{"line":32,"column":37},"end":{"line":32,"column":51}}],"line":32}},"s":{"0":1,"1":10,"2":2,"3":8,"4":8,"5":8,"6":1,"7":2,"8":1,"9":1},"f":{"0":10,"1":1,"2":2},"b":{"0":[2,8],"1":[10,9],"2":[1,0],"3":[1,1]},"_coverageSchema":"1a1c01bbd47fc00a2c39e90264f33305004495a9","hash":"4e3ced93e32aa96692da4586d0c491956e17b55d"}
,"C:\\Users\\guill\\Desktop\\testromain\\js\\converters\\weight.js": {"path":"C:\\Users\\guill\\Desktop\\testromain\\js\\converters\\weight.js","statementMap":{"0":{"start":{"line":1,"column":24},"end":{"line":47,"column":1}},"1":{"start":{"line":6,"column":31},"end":{"line":6,"column":36}},"2":{"start":{"line":7,"column":33},"end":{"line":7,"column":38}},"3":{"start":{"line":11,"column":31},"end":{"line":11,"column":43}},"4":{"start":{"line":12,"column":33},"end":{"line":12,"column":45}},"5":{"start":{"line":16,"column":31},"end":{"line":16,"column":46}},"6":{"start":{"line":17,"column":33},"end":{"line":17,"column":48}},"7":{"start":{"line":21,"column":8},"end":{"line":23,"column":9}},"8":{"start":{"line":22,"column":12},"end":{"line":22,"column":94}},"9":{"start":{"line":25,"column":8},"end":{"line":27,"column":9}},"10":{"start":{"line":26,"column":12},"end":{"line":26,"column":25}},"11":{"start":{"line":29,"column":8},"end":{"line":31,"column":9}},"12":{"start":{"line":30,"column":12},"end":{"line":30,"column":38}},"13":{"start":{"line":33,"column":8},"end":{"line":35,"column":9}},"14":{"start":{"line":34,"column":12},"end":{"line":34,"column":35}},"15":{"start":{"line":37,"column":28},"end":{"line":37,"column":62}},"16":{"start":{"line":38,"column":8},"end":{"line":38,"column":56}},"17":{"start":{"line":42,"column":8},"end":{"line":45,"column":12}},"18":{"start":{"line":42,"column":50},"end":{"line":45,"column":9}},"19":{"start":{"line":49,"column":0},"end":{"line":49,"column":33}}},"fnMap":{"0":{"name":"(anonymous_0)","decl":{"start":{"line":6,"column":20},"end":{"line":6,"column":21}},"loc":{"start":{"line":6,"column":31},"end":{"line":6,"column":36}},"line":6},"1":{"name":"(anonymous_1)","decl":{"start":{"line":7,"column":22},"end":{"line":7,"column":23}},"loc":{"start":{"line":7,"column":33},"end":{"line":7,"column":38}},"line":7},"2":{"name":"(anonymous_2)","decl":{"start":{"line":11,"column":20},"end":{"line":11,"column":21}},"loc":{"start":{"line":11,"column":31},"end":{"line":11,"column":43}},"line":11},"3":{"name":"(anonymous_3)","decl":{"start":{"line":12,"column":22},"end":{"line":12,"column":23}},"loc":{"start":{"line":12,"column":33},"end":{"line":12,"column":45}},"line":12},"4":{"name":"(anonymous_4)","decl":{"start":{"line":16,"column":20},"end":{"line":16,"column":21}},"loc":{"start":{"line":16,"column":31},"end":{"line":16,"column":46}},"line":16},"5":{"name":"(anonymous_5)","decl":{"start":{"line":17,"column":22},"end":{"line":17,"column":23}},"loc":{"start":{"line":17,"column":33},"end":{"line":17,"column":48}},"line":17},"6":{"name":"(anonymous_6)","decl":{"start":{"line":20,"column":4},"end":{"line":20,"column":5}},"loc":{"start":{"line":20,"column":37},"end":{"line":39,"column":5}},"line":20},"7":{"name":"(anonymous_7)","decl":{"start":{"line":41,"column":4},"end":{"line":41,"column":5}},"loc":{"start":{"line":41,"column":21},"end":{"line":46,"column":5}},"line":41},"8":{"name":"(anonymous_8)","decl":{"start":{"line":42,"column":43},"end":{"line":42,"column":44}},"loc":{"start":{"line":42,"column":50},"end":{"line":45,"column":9}},"line":42}},"branchMap":{"0":{"loc":{"start":{"line":21,"column":8},"end":{"line":23,"column":9}},"type":"if","locations":[{"start":{"line":21,"column":8},"end":{"line":23,"column":9}},{"start":{},"end":{}}],"line":21},"1":{"loc":{"start":{"line":21,"column":12},"end":{"line":21,"column":56}},"type":"binary-expr","locations":[{"start":{"line":21,"column":12},"end":{"line":21,"column":33}},{"start":{"line":21,"column":37},"end":{"line":21,"column":56}}],"line":21},"2":{"loc":{"start":{"line":22,"column":49},"end":{"line":22,"column":90}},"type":"cond-expr","locations":[{"start":{"line":22,"column":73},"end":{"line":22,"column":81}},{"start":{"line":22,"column":84},"end":{"line":22,"column":90}}],"line":22},"3":{"loc":{"start":{"line":25,"column":8},"end":{"line":27,"column":9}},"type":"if","locations":[{"start":{"line":25,"column":8},"end":{"line":27,"column":9}},{"start":{},"end":{}}],"line":25},"4":{"loc":{"start":{"line":29,"column":8},"end":{"line":31,"column":9}},"type":"if","locations":[{"start":{"line":29,"column":8},"end":{"line":31,"column":9}},{"start":{},"end":{}}],"line":29},"5":{"loc":{"start":{"line":29,"column":12},"end":{"line":29,"column":57}},"type":"binary-expr","locations":[{"start":{"line":29,"column":12},"end":{"line":29,"column":32}},{"start":{"line":29,"column":36},"end":{"line":29,"column":57}}],"line":29},"6":{"loc":{"start":{"line":33,"column":8},"end":{"line":35,"column":9}},"type":"if","locations":[{"start":{"line":33,"column":8},"end":{"line":35,"column":9}},{"start":{},"end":{}}],"line":33},"7":{"loc":{"start":{"line":33,"column":12},"end":{"line":33,"column":57}},"type":"binary-expr","locations":[{"start":{"line":33,"column":12},"end":{"line":33,"column":35}},{"start":{"line":33,"column":39},"end":{"line":33,"column":57}}],"line":33}},"s":{"0":1,"1":4,"2":4,"3":2,"4":2,"5":2,"6":2,"7":17,"8":2,"9":15,"10":3,"11":12,"12":2,"13":10,"14":2,"15":8,"16":8,"17":1,"18":3,"19":1},"f":{"0":4,"1":4,"2":2,"3":2,"4":2,"5":2,"6":17,"7":1,"8":3},"b":{"0":[2,15],"1":[17,16],"2":[1,1],"3":[3,12],"4":[2,10],"5":[12,4],"6":[2,8],"7":[10,4]},"_coverageSchema":"1a1c01bbd47fc00a2c39e90264f33305004495a9","hash":"7942a08c44ea4498423b47185797682883828702"}
,"C:\\Users\\guill\\Desktop\\testromain\\js\\storage\\favorites.js": {"path":"C:\\Users\\guill\\Desktop\\testromain\\js\\storage\\favorites.js","statementMap":{"0":{"start":{"line":1,"column":25},"end":{"line":43,"column":1}},"1":{"start":{"line":6,"column":30},"end":{"line":6,"column":68}},"2":{"start":{"line":7,"column":8},"end":{"line":7,"column":62}},"3":{"start":{"line":11,"column":26},"end":{"line":11,"column":45}},"4":{"start":{"line":13,"column":23},"end":{"line":17,"column":9}},"5":{"start":{"line":14,"column":12},"end":{"line":16,"column":44}},"6":{"start":{"line":19,"column":8},"end":{"line":21,"column":9}},"7":{"start":{"line":20,"column":12},"end":{"line":20,"column":25}},"8":{"start":{"line":23,"column":8},"end":{"line":23,"column":35}},"9":{"start":{"line":24,"column":8},"end":{"line":24,"column":74}},"10":{"start":{"line":25,"column":8},"end":{"line":25,"column":20}},"11":{"start":{"line":29,"column":26},"end":{"line":29,"column":45}},"12":{"start":{"line":31,"column":8},"end":{"line":33,"column":9}},"13":{"start":{"line":32,"column":12},"end":{"line":32,"column":25}},"14":{"start":{"line":35,"column":8},"end":{"line":35,"column":35}},"15":{"start":{"line":36,"column":8},"end":{"line":36,"column":74}},"16":{"start":{"line":37,"column":8},"end":{"line":37,"column":20}},"17":{"start":{"line":41,"column":8},"end":{"line":41,"column":67}},"18":{"start":{"line":45,"column":0},"end":{"line":47,"column":1}},"19":{"start":{"line":46,"column":4},"end":{"line":46,"column":38}}},"fnMap":{"0":{"name":"(anonymous_0)","decl":{"start":{"line":5,"column":4},"end":{"line":5,"column":5}},"loc":{"start":{"line":5,"column":19},"end":{"line":8,"column":5}},"line":5},"1":{"name":"(anonymous_1)","decl":{"start":{"line":10,"column":4},"end":{"line":10,"column":5}},"loc":{"start":{"line":10,"column":28},"end":{"line":26,"column":5}},"line":10},"2":{"name":"(anonymous_2)","decl":{"start":{"line":13,"column":38},"end":{"line":13,"column":39}},"loc":{"start":{"line":14,"column":12},"end":{"line":16,"column":44}},"line":14},"3":{"name":"(anonymous_3)","decl":{"start":{"line":28,"column":4},"end":{"line":28,"column":5}},"loc":{"start":{"line":28,"column":26},"end":{"line":38,"column":5}},"line":28},"4":{"name":"(anonymous_4)","decl":{"start":{"line":40,"column":4},"end":{"line":40,"column":5}},"loc":{"start":{"line":40,"column":21},"end":{"line":42,"column":5}},"line":40}},"branchMap":{"0":{"loc":{"start":{"line":7,"column":15},"end":{"line":7,"column":61}},"type":"cond-expr","locations":[{"start":{"line":7,"column":31},"end":{"line":7,"column":56}},{"start":{"line":7,"column":59},"end":{"line":7,"column":61}}],"line":7},"1":{"loc":{"start":{"line":14,"column":12},"end":{"line":16,"column":44}},"type":"binary-expr","locations":[{"start":{"line":14,"column":12},"end":{"line":14,"column":40}},{"start":{"line":15,"column":12},"end":{"line":15,"column":48}},{"start":{"line":16,"column":12},"end":{"line":16,"column":44}}],"line":14},"2":{"loc":{"start":{"line":19,"column":8},"end":{"line":21,"column":9}},"type":"if","locations":[{"start":{"line":19,"column":8},"end":{"line":21,"column":9}},{"start":{},"end":{}}],"line":19},"3":{"loc":{"start":{"line":31,"column":8},"end":{"line":33,"column":9}},"type":"if","locations":[{"start":{"line":31,"column":8},"end":{"line":33,"column":9}},{"start":{},"end":{}}],"line":31},"4":{"loc":{"start":{"line":31,"column":12},"end":{"line":31,"column":50}},"type":"binary-expr","locations":[{"start":{"line":31,"column":12},"end":{"line":31,"column":21}},{"start":{"line":31,"column":25},"end":{"line":31,"column":50}}],"line":31},"5":{"loc":{"start":{"line":45,"column":0},"end":{"line":47,"column":1}},"type":"if","locations":[{"start":{"line":45,"column":0},"end":{"line":47,"column":1}},{"start":{},"end":{}}],"line":45},"6":{"loc":{"start":{"line":45,"column":4},"end":{"line":45,"column":51}},"type":"binary-expr","locations":[{"start":{"line":45,"column":4},"end":{"line":45,"column":33}},{"start":{"line":45,"column":37},"end":{"line":45,"column":51}}],"line":45}},"s":{"0":1,"1":7,"2":7,"3":3,"4":3,"5":1,"6":3,"7":1,"8":2,"9":2,"10":2,"11":2,"12":2,"13":1,"14":1,"15":1,"16":1,"17":1,"18":1,"19":1},"f":{"0":7,"1":3,"2":1,"3":2,"4":1},"b":{"0":[4,3],"1":[1,1,1],"2":[1,2],"3":[1,1],"4":[2,2],"5":[1,0],"6":[1,1]},"_coverageSchema":"1a1c01bbd47fc00a2c39e90264f33305004495a9","hash":"299055963bbd2a72e5aef6e534662e747db6ab9e"}
,"C:\\Users\\guill\\Desktop\\testromain\\js\\storage\\history.js": {"path":"C:\\Users\\guill\\Desktop\\testromain\\js\\storage\\history.js","statementMap":{"0":{"start":{"line":1,"column":23},"end":{"line":35,"column":1}},"1":{"start":{"line":5,"column":28},"end":{"line":5,"column":65}},"2":{"start":{"line":6,"column":8},"end":{"line":6,"column":58}},"3":{"start":{"line":10,"column":8},"end":{"line":13,"column":9}},"4":{"start":{"line":12,"column":12},"end":{"line":12,"column":65}},"5":{"start":{"line":15,"column":8},"end":{"line":17,"column":9}},"6":{"start":{"line":16,"column":12},"end":{"line":16,"column":60}},"7":{"start":{"line":19,"column":24},"end":{"line":19,"column":41}},"8":{"start":{"line":21,"column":8},"end":{"line":21,"column":36}},"9":{"start":{"line":23,"column":31},"end":{"line":23,"column":51}},"10":{"start":{"line":25,"column":8},"end":{"line":25,"column":78}},"11":{"start":{"line":27,"column":8},"end":{"line":27,"column":30}},"12":{"start":{"line":32,"column":8},"end":{"line":32,"column":49}},"13":{"start":{"line":33,"column":8},"end":{"line":33,"column":18}},"14":{"start":{"line":37,"column":0},"end":{"line":39,"column":1}},"15":{"start":{"line":38,"column":4},"end":{"line":38,"column":36}}},"fnMap":{"0":{"name":"(anonymous_0)","decl":{"start":{"line":4,"column":4},"end":{"line":4,"column":5}},"loc":{"start":{"line":4,"column":17},"end":{"line":7,"column":5}},"line":4},"1":{"name":"(anonymous_1)","decl":{"start":{"line":9,"column":4},"end":{"line":9,"column":5}},"loc":{"start":{"line":9,"column":29},"end":{"line":28,"column":5}},"line":9},"2":{"name":"(anonymous_2)","decl":{"start":{"line":31,"column":4},"end":{"line":31,"column":5}},"loc":{"start":{"line":31,"column":19},"end":{"line":34,"column":5}},"line":31}},"branchMap":{"0":{"loc":{"start":{"line":6,"column":15},"end":{"line":6,"column":57}},"type":"cond-expr","locations":[{"start":{"line":6,"column":29},"end":{"line":6,"column":52}},{"start":{"line":6,"column":55},"end":{"line":6,"column":57}}],"line":6},"1":{"loc":{"start":{"line":10,"column":8},"end":{"line":13,"column":9}},"type":"if","locations":[{"start":{"line":10,"column":8},"end":{"line":13,"column":9}},{"start":{},"end":{}}],"line":10},"2":{"loc":{"start":{"line":10,"column":12},"end":{"line":11,"column":82}},"type":"binary-expr","locations":[{"start":{"line":10,"column":12},"end":{"line":10,"column":28}},{"start":{"line":10,"column":32},"end":{"line":10,"column":52}},{"start":{"line":10,"column":56},"end":{"line":10,"column":74}},{"start":{"line":11,"column":12},"end":{"line":11,"column":46}},{"start":{"line":11,"column":50},"end":{"line":11,"column":82}}],"line":10},"3":{"loc":{"start":{"line":15,"column":8},"end":{"line":17,"column":9}},"type":"if","locations":[{"start":{"line":15,"column":8},"end":{"line":17,"column":9}},{"start":{},"end":{}}],"line":15},"4":{"loc":{"start":{"line":37,"column":0},"end":{"line":39,"column":1}},"type":"if","locations":[{"start":{"line":37,"column":0},"end":{"line":39,"column":1}},{"start":{},"end":{}}],"line":37},"5":{"loc":{"start":{"line":37,"column":4},"end":{"line":37,"column":51}},"type":"binary-expr","locations":[{"start":{"line":37,"column":4},"end":{"line":37,"column":33}},{"start":{"line":37,"column":37},"end":{"line":37,"column":51}}],"line":37}},"s":{"0":1,"1":5,"2":5,"3":4,"4":1,"5":3,"6":1,"7":3,"8":3,"9":3,"10":3,"11":3,"12":1,"13":1,"14":1,"15":1},"f":{"0":5,"1":4,"2":1},"b":{"0":[2,3],"1":[1,3],"2":[4,4,4,4,3],"3":[1,2],"4":[1,0],"5":[1,1]},"_coverageSchema":"1a1c01bbd47fc00a2c39e90264f33305004495a9","hash":"abcb0ea24190117e1b6eb7b4c4d56dc74df67291"}
}
