TN:
SF:js\ui.js
FN:2,(anonymous_0)
FN:39,(anonymous_1)
FN:46,(anonymous_2)
FN:47,(anonymous_3)
FN:48,(anonymous_4)
FN:49,(anonymous_5)
FN:50,(anonymous_6)
FN:54,(anonymous_7)
FN:60,(anonymous_8)
FN:73,(anonymous_9)
FN:83,(anonymous_10)
FN:121,(anonymous_11)
FN:142,(anonymous_12)
FN:152,(anonymous_13)
FN:154,(anonymous_14)
FN:155,(anonymous_15)
FN:178,(anonymous_16)
FN:179,(anonymous_17)
FN:182,(anonymous_18)
FN:183,(anonymous_19)
FN:190,(anonymous_20)
FN:197,(anonymous_21)
FN:203,(anonymous_22)
FN:213,(anonymous_23)
FN:215,(anonymous_24)
FN:216,(anonymous_25)
FNF:26
FNH:0
FNDA:0,(anonymous_0)
FNDA:0,(anonymous_1)
FNDA:0,(anonymous_2)
FNDA:0,(anonymous_3)
FNDA:0,(anonymous_4)
FNDA:0,(anonymous_5)
FNDA:0,(anonymous_6)
FNDA:0,(anonymous_7)
FNDA:0,(anonymous_8)
FNDA:0,(anonymous_9)
FNDA:0,(anonymous_10)
FNDA:0,(anonymous_11)
FNDA:0,(anonymous_12)
FNDA:0,(anonymous_13)
FNDA:0,(anonymous_14)
FNDA:0,(anonymous_15)
FNDA:0,(anonymous_16)
FNDA:0,(anonymous_17)
FNDA:0,(anonymous_18)
FNDA:0,(anonymous_19)
FNDA:0,(anonymous_20)
FNDA:0,(anonymous_21)
FNDA:0,(anonymous_22)
FNDA:0,(anonymous_23)
FNDA:0,(anonymous_24)
FNDA:0,(anonymous_25)
DA:4,0
DA:19,0
DA:29,0
DA:40,0
DA:41,0
DA:42,0
DA:43,0
DA:47,0
DA:48,0
DA:49,0
DA:50,0
DA:51,0
DA:52,0
DA:54,0
DA:55,0
DA:56,0
DA:61,0
DA:62,0
DA:64,0
DA:65,0
DA:66,0
DA:69,0
DA:70,0
DA:72,0
DA:73,0
DA:74,0
DA:75,0
DA:78,0
DA:79,0
DA:84,0
DA:85,0
DA:86,0
DA:87,0
DA:88,0
DA:89,0
DA:91,0
DA:92,0
DA:93,0
DA:96,0
DA:97,0
DA:101,0
DA:103,0
DA:112,0
DA:113,0
DA:116,0
DA:117,0
DA:122,0
DA:123,0
DA:124,0
DA:125,0
DA:126,0
DA:128,0
DA:129,0
DA:130,0
DA:133,0
DA:134,0
DA:137,0
DA:138,0
DA:143,0
DA:144,0
DA:145,0
DA:147,0
DA:148,0
DA:149,0
DA:152,0
DA:153,0
DA:154,0
DA:155,0
DA:157,0
DA:158,0
DA:159,0
DA:175,0
DA:178,0
DA:179,0
DA:182,0
DA:183,0
DA:184,0
DA:185,0
DA:191,0
DA:192,0
DA:194,0
DA:195,0
DA:197,0
DA:198,0
DA:199,0
DA:204,0
DA:205,0
DA:206,0
DA:208,0
DA:209,0
DA:210,0
DA:213,0
DA:214,0
DA:215,0
DA:216,0
DA:218,0
DA:219,0
DA:221,0
DA:222,0
DA:224,0
DA:235,0
DA:241,0
DA:242,0
DA:245,0
DA:246,0
LF:105
LH:0
BRDA:64,0,0,0
BRDA:64,0,1,0
BRDA:78,1,0,0
BRDA:78,1,1,0
BRDA:91,2,0,0
BRDA:91,2,1,0
BRDA:97,3,0,0
BRDA:97,3,1,0
BRDA:97,4,0,0
BRDA:97,4,1,0
BRDA:128,5,0,0
BRDA:128,5,1,0
BRDA:128,6,0,0
BRDA:128,6,1,0
BRDA:147,7,0,0
BRDA:147,7,1,0
BRDA:162,8,0,0
BRDA:162,8,1,0
BRDA:163,9,0,0
BRDA:163,9,1,0
BRDA:192,10,0,0
BRDA:192,10,1,0
BRDA:208,11,0,0
BRDA:208,11,1,0
BRDA:230,12,0,0
BRDA:230,12,1,0
BRDA:231,13,0,0
BRDA:231,13,1,0
BRDA:245,14,0,0
BRDA:245,14,1,0
BRDA:245,15,0,0
BRDA:245,15,1,0
BRF:32
BRH:0
end_of_record
TN:
SF:js\converters\crypto.js
FN:18,(anonymous_0)
FN:77,(anonymous_1)
FN:93,(anonymous_2)
FN:94,(anonymous_3)
FNF:4
FNH:4
FNDA:3,(anonymous_0)
FNDA:6,(anonymous_1)
FNDA:1,(anonymous_2)
FNDA:6,(anonymous_3)
DA:2,1
DA:19,3
DA:20,3
DA:22,1
DA:25,2
DA:26,2
DA:27,2
DA:29,1
DA:30,0
DA:33,1
DA:34,1
DA:36,1
DA:37,6
DA:38,6
DA:39,6
DA:41,0
DA:42,0
DA:50,0
DA:54,1
DA:55,1
DA:57,1
DA:59,1
DA:61,1
DA:70,1
DA:71,1
DA:73,1
DA:78,6
DA:79,2
DA:82,4
DA:83,4
DA:84,4
DA:85,4
DA:86,4
DA:88,0
DA:89,0
DA:94,6
DA:101,1
DA:102,1
LF:38
LH:32
BRDA:20,0,0,1
BRDA:20,0,1,2
BRDA:20,1,0,3
BRDA:20,1,1,1
BRDA:20,1,2,1
BRDA:29,2,0,0
BRDA:29,2,1,1
BRDA:38,3,0,6
BRDA:38,3,1,0
BRDA:38,4,0,6
BRDA:38,4,1,6
BRDA:50,5,0,0
BRDA:50,5,1,0
BRDA:78,6,0,2
BRDA:78,6,1,4
BRDA:78,7,0,6
BRDA:78,7,1,5
BRDA:101,8,0,1
BRDA:101,8,1,0
BRDA:101,9,0,1
BRDA:101,9,1,1
BRF:21
BRH:16
end_of_record
TN:
SF:js\converters\currency.js
FN:18,(anonymous_0)
FN:46,(anonymous_1)
FN:80,(anonymous_2)
FN:81,(anonymous_3)
FNF:4
FNH:4
FNDA:3,(anonymous_0)
FNDA:7,(anonymous_1)
FNDA:1,(anonymous_2)
FNDA:7,(anonymous_3)
DA:1,1
DA:19,3
DA:21,3
DA:23,1
DA:26,2
DA:27,2
DA:28,2
DA:30,1
DA:31,0
DA:34,1
DA:36,1
DA:37,1
DA:39,1
DA:41,1
DA:42,1
DA:47,7
DA:48,2
DA:51,5
DA:52,1
DA:55,4
DA:56,4
DA:60,4
DA:61,2
DA:63,2
DA:67,4
DA:68,1
DA:70,3
DA:73,4
DA:75,0
DA:76,0
DA:81,7
DA:88,1
DA:89,1
LF:33
LH:30
BRDA:21,0,0,1
BRDA:21,0,1,2
BRDA:21,1,0,3
BRDA:21,1,1,1
BRDA:21,1,2,1
BRDA:30,2,0,0
BRDA:30,2,1,1
BRDA:47,3,0,2
BRDA:47,3,1,5
BRDA:47,4,0,7
BRDA:47,4,1,6
BRDA:51,5,0,1
BRDA:51,5,1,4
BRDA:60,6,0,2
BRDA:60,6,1,2
BRDA:67,7,0,1
BRDA:67,7,1,3
BRDA:88,8,0,1
BRDA:88,8,1,0
BRDA:88,9,0,1
BRDA:88,9,1,1
BRF:21
BRH:19
end_of_record
TN:
SF:js\converters\length.js
FN:6,(anonymous_0)
FN:7,(anonymous_1)
FN:11,(anonymous_2)
FN:12,(anonymous_3)
FN:16,(anonymous_4)
FN:17,(anonymous_5)
FN:21,(anonymous_6)
FN:22,(anonymous_7)
FN:26,(anonymous_8)
FN:27,(anonymous_9)
FN:31,(anonymous_10)
FN:32,(anonymous_11)
FN:36,(anonymous_12)
FN:53,(anonymous_13)
FN:54,(anonymous_14)
FNF:15
FNH:13
FNDA:7,(anonymous_0)
FNDA:2,(anonymous_1)
FNDA:1,(anonymous_2)
FNDA:3,(anonymous_3)
FNDA:1,(anonymous_4)
FNDA:2,(anonymous_5)
FNDA:0,(anonymous_6)
FNDA:1,(anonymous_7)
FNDA:0,(anonymous_8)
FNDA:1,(anonymous_9)
FNDA:1,(anonymous_10)
FNDA:1,(anonymous_11)
FNDA:15,(anonymous_12)
FNDA:1,(anonymous_13)
FNDA:6,(anonymous_14)
DA:1,1
DA:6,7
DA:7,2
DA:11,1
DA:12,3
DA:16,1
DA:17,2
DA:21,0
DA:22,1
DA:26,0
DA:27,1
DA:31,1
DA:32,1
DA:37,15
DA:38,2
DA:41,13
DA:42,2
DA:45,11
DA:46,1
DA:49,10
DA:50,10
DA:54,6
DA:61,1
LF:23
LH:21
BRDA:37,0,0,2
BRDA:37,0,1,13
BRDA:37,1,0,15
BRDA:37,1,1,14
BRDA:38,2,0,1
BRDA:38,2,1,1
BRDA:41,3,0,2
BRDA:41,3,1,11
BRDA:45,4,0,1
BRDA:45,4,1,10
BRDA:45,5,0,11
BRDA:45,5,1,2
BRF:12
BRH:12
end_of_record
TN:
SF:js\converters\temperature.js
FN:8,(anonymous_0)
FN:44,(anonymous_1)
FN:45,(anonymous_2)
FNF:3
FNH:3
FNDA:21,(anonymous_0)
FNDA:1,(anonymous_1)
FNDA:3,(anonymous_2)
DA:1,1
DA:9,21
DA:10,2
DA:17,19
DA:19,7
DA:20,7
DA:22,6
DA:23,6
DA:25,6
DA:26,6
DA:29,19
DA:31,7
DA:32,7
DA:34,6
DA:35,6
DA:37,6
DA:38,6
DA:41,19
DA:45,3
DA:52,1
DA:53,1
LF:21
LH:21
BRDA:9,0,0,2
BRDA:9,0,1,19
BRDA:9,1,0,21
BRDA:9,1,1,20
BRDA:17,2,0,7
BRDA:17,2,1,6
BRDA:17,2,2,6
BRDA:29,3,0,7
BRDA:29,3,1,6
BRDA:29,3,2,6
BRDA:52,4,0,1
BRDA:52,4,1,0
BRDA:52,5,0,1
BRDA:52,5,1,1
BRF:14
BRH:13
end_of_record
TN:
SF:js\converters\volume.js
FN:12,(anonymous_0)
FN:24,(anonymous_1)
FN:25,(anonymous_2)
FNF:3
FNH:3
FNDA:10,(anonymous_0)
FNDA:1,(anonymous_1)
FNDA:2,(anonymous_2)
DA:1,1
DA:13,10
DA:14,2
DA:17,8
DA:19,8
DA:21,8
DA:25,2
DA:32,1
DA:33,1
LF:9
LH:9
BRDA:13,0,0,2
BRDA:13,0,1,8
BRDA:13,1,0,10
BRDA:13,1,1,9
BRDA:32,2,0,1
BRDA:32,2,1,0
BRDA:32,3,0,1
BRDA:32,3,1,1
BRF:8
BRH:7
end_of_record
TN:
SF:js\converters\weight.js
FN:6,(anonymous_0)
FN:7,(anonymous_1)
FN:11,(anonymous_2)
FN:12,(anonymous_3)
FN:16,(anonymous_4)
FN:17,(anonymous_5)
FN:20,(anonymous_6)
FN:41,(anonymous_7)
FN:42,(anonymous_8)
FNF:9
FNH:9
FNDA:4,(anonymous_0)
FNDA:4,(anonymous_1)
FNDA:2,(anonymous_2)
FNDA:2,(anonymous_3)
FNDA:2,(anonymous_4)
FNDA:2,(anonymous_5)
FNDA:17,(anonymous_6)
FNDA:1,(anonymous_7)
FNDA:3,(anonymous_8)
DA:1,1
DA:6,4
DA:7,4
DA:11,2
DA:12,2
DA:16,2
DA:17,2
DA:21,17
DA:22,2
DA:25,15
DA:26,3
DA:29,12
DA:30,2
DA:33,10
DA:34,2
DA:37,8
DA:38,8
DA:42,3
DA:49,1
LF:19
LH:19
BRDA:21,0,0,2
BRDA:21,0,1,15
BRDA:21,1,0,17
BRDA:21,1,1,16
BRDA:22,2,0,1
BRDA:22,2,1,1
BRDA:25,3,0,3
BRDA:25,3,1,12
BRDA:29,4,0,2
BRDA:29,4,1,10
BRDA:29,5,0,12
BRDA:29,5,1,4
BRDA:33,6,0,2
BRDA:33,6,1,8
BRDA:33,7,0,10
BRDA:33,7,1,4
BRF:16
BRH:16
end_of_record
TN:
SF:js\storage\favorites.js
FN:5,(anonymous_0)
FN:10,(anonymous_1)
FN:13,(anonymous_2)
FN:28,(anonymous_3)
FN:40,(anonymous_4)
FNF:5
FNH:5
FNDA:7,(anonymous_0)
FNDA:3,(anonymous_1)
FNDA:1,(anonymous_2)
FNDA:2,(anonymous_3)
FNDA:1,(anonymous_4)
DA:1,1
DA:6,7
DA:7,7
DA:11,3
DA:13,3
DA:14,1
DA:19,3
DA:20,1
DA:23,2
DA:24,2
DA:25,2
DA:29,2
DA:31,2
DA:32,1
DA:35,1
DA:36,1
DA:37,1
DA:41,1
DA:45,1
DA:46,1
LF:20
LH:20
BRDA:7,0,0,4
BRDA:7,0,1,3
BRDA:14,1,0,1
BRDA:14,1,1,1
BRDA:14,1,2,1
BRDA:19,2,0,1
BRDA:19,2,1,2
BRDA:31,3,0,1
BRDA:31,3,1,1
BRDA:31,4,0,2
BRDA:31,4,1,2
BRDA:45,5,0,1
BRDA:45,5,1,0
BRDA:45,6,0,1
BRDA:45,6,1,1
BRF:15
BRH:14
end_of_record
TN:
SF:js\storage\history.js
FN:4,(anonymous_0)
FN:9,(anonymous_1)
FN:31,(anonymous_2)
FNF:3
FNH:3
FNDA:5,(anonymous_0)
FNDA:4,(anonymous_1)
FNDA:1,(anonymous_2)
DA:1,1
DA:5,5
DA:6,5
DA:10,4
DA:12,1
DA:15,3
DA:16,1
DA:19,3
DA:21,3
DA:23,3
DA:25,3
DA:27,3
DA:32,1
DA:33,1
DA:37,1
DA:38,1
LF:16
LH:16
BRDA:6,0,0,2
BRDA:6,0,1,3
BRDA:10,1,0,1
BRDA:10,1,1,3
BRDA:10,2,0,4
BRDA:10,2,1,4
BRDA:10,2,2,4
BRDA:10,2,3,4
BRDA:10,2,4,3
BRDA:15,3,0,1
BRDA:15,3,1,2
BRDA:37,4,0,1
BRDA:37,4,1,0
BRDA:37,5,0,1
BRDA:37,5,1,1
BRF:15
BRH:14
end_of_record
